<?xml version="1.0" encoding="UTF-8"?>
<!-- Generated by org.testng.reporters.JUnitXMLReporter -->
<testsuite ignored="3" hostname="DESKTOP-B4OJL46" failures="0" tests="0" time="0.007" errors="0" timestamp="2023-08-20T17:40:34 EET">
  <testcase classname="FirstTest" name="test1" time="0.0">
    <ignored/>
  </testcase> <!-- test1 -->
  <testcase classname="FirstTest" name="aTest" time="0.0">
    <ignored/>
  </testcase> <!-- aTest -->
  <testcase classname="FirstTest" name="test2" time="0.0">
    <ignored/>
  </testcase> <!-- test2 -->
</testsuite>
