<?xml version="1.0" encoding="UTF-8"?>
<testng-results ignored="3" total="3" passed="0" failed="0" skipped="0">
  <reporter-output>
  </reporter-output>
  <suite started-at="2023-08-20T17:40:33 EET" name="FirstTest" finished-at="2023-08-20T17:40:33 EET" duration-ms="7">
    <groups>
    </groups>
    <test started-at="2023-08-20T17:40:33 EET" name="Command line test" finished-at="2023-08-20T17:40:33 EET" duration-ms="7">
    </test> <!-- Command line test -->
  </suite> <!-- FirstTest -->
</testng-results>
